D:\JetNet\JetNetSolutions\JetNetSolutions\dist\out-tsc\app\app.component.js
D:\JetNet\JetNetSolutions\JetNetSolutions\dist\out-tsc\app\app.component.js.map
D:\JetNet\JetNetSolutions\JetNetSolutions\dist\out-tsc\app\mymaster\mymaster.component.js
D:\JetNet\JetNetSolutions\JetNetSolutions\dist\out-tsc\app\mymaster\mymaster.component.js.map
D:\JetNet\JetNetSolutions\JetNetSolutions\dist\out-tsc\app\masterlist\masterlist.component.js
D:\JetNet\JetNetSolutions\JetNetSolutions\dist\out-tsc\app\masterlist\masterlist.component.js.map
D:\JetNet\JetNetSolutions\JetNetSolutions\dist\out-tsc\app\create-master\create-master.component.js
D:\JetNet\JetNetSolutions\JetNetSolutions\dist\out-tsc\app\create-master\create-master.component.js.map
D:\JetNet\JetNetSolutions\JetNetSolutions\dist\out-tsc\app\remove-master\remove-master.component.js
D:\JetNet\JetNetSolutions\JetNetSolutions\dist\out-tsc\app\remove-master\remove-master.component.js.map
D:\JetNet\JetNetSolutions\JetNetSolutions\dist\out-tsc\app\edit-master\edit-master.component.js
D:\JetNet\JetNetSolutions\JetNetSolutions\dist\out-tsc\app\edit-master\edit-master.component.js.map
D:\JetNet\JetNetSolutions\JetNetSolutions\dist\out-tsc\app\add-my-master\add-my-master.component.js
D:\JetNet\JetNetSolutions\JetNetSolutions\dist\out-tsc\app\add-my-master\add-my-master.component.js.map
D:\JetNet\JetNetSolutions\JetNetSolutions\dist\out-tsc\app\remove-my-master\remove-my-master.component.js
D:\JetNet\JetNetSolutions\JetNetSolutions\dist\out-tsc\app\remove-my-master\remove-my-master.component.js.map
D:\JetNet\JetNetSolutions\JetNetSolutions\dist\out-tsc\app\mymasters\mymasters.component.js
D:\JetNet\JetNetSolutions\JetNetSolutions\dist\out-tsc\app\mymasters\mymasters.component.js.map
D:\JetNet\JetNetSolutions\JetNetSolutions\dist\out-tsc\app\page-not-found\page-not-found.component.js
D:\JetNet\JetNetSolutions\JetNetSolutions\dist\out-tsc\app\page-not-found\page-not-found.component.js.map
D:\JetNet\JetNetSolutions\JetNetSolutions\dist\out-tsc\app\app.module.js
D:\JetNet\JetNetSolutions\JetNetSolutions\dist\out-tsc\app\app.module.js.map
D:\JetNet\JetNetSolutions\JetNetSolutions\dist\out-tsc\environments\environment.js
D:\JetNet\JetNetSolutions\JetNetSolutions\dist\out-tsc\environments\environment.js.map
D:\JetNet\JetNetSolutions\JetNetSolutions\dist\out-tsc\main.js
D:\JetNet\JetNetSolutions\JetNetSolutions\dist\out-tsc\main.js.map
D:\JetNet\JetNetSolutions\JetNetSolutions\dist\out-tsc\polyfills.js
D:\JetNet\JetNetSolutions\JetNetSolutions\dist\out-tsc\polyfills.js.map
D:\JetNet\JetNetSolutions\JetNetSolutions\dist\out-tsc\test.js
D:\JetNet\JetNetSolutions\JetNetSolutions\dist\out-tsc\test.js.map
D:\JetNet\JetNetSolutions\JetNetSolutions\dist\out-tsc\app\app.component.spec.js
D:\JetNet\JetNetSolutions\JetNetSolutions\dist\out-tsc\app\app.component.spec.js.map
D:\JetNet\JetNetSolutions\JetNetSolutions\dist\out-tsc\environments\environment.prod.js
D:\JetNet\JetNetSolutions\JetNetSolutions\dist\out-tsc\environments\environment.prod.js.map
D:\JetNet\JetNetSolutions\JetNetSolutions\dist\out-tsc\app\add-my-master\add-my-master.component.spec.js
D:\JetNet\JetNetSolutions\JetNetSolutions\dist\out-tsc\app\add-my-master\add-my-master.component.spec.js.map
D:\JetNet\JetNetSolutions\JetNetSolutions\dist\out-tsc\app\create-master\create-master.component.spec.js
D:\JetNet\JetNetSolutions\JetNetSolutions\dist\out-tsc\app\create-master\create-master.component.spec.js.map
D:\JetNet\JetNetSolutions\JetNetSolutions\dist\out-tsc\app\edit-master\edit-master.component.spec.js
D:\JetNet\JetNetSolutions\JetNetSolutions\dist\out-tsc\app\edit-master\edit-master.component.spec.js.map
D:\JetNet\JetNetSolutions\JetNetSolutions\dist\out-tsc\app\masterlist\masterlist.component.spec.js
D:\JetNet\JetNetSolutions\JetNetSolutions\dist\out-tsc\app\masterlist\masterlist.component.spec.js.map
D:\JetNet\JetNetSolutions\JetNetSolutions\dist\out-tsc\app\mymaster\mymaster.component.spec.js
D:\JetNet\JetNetSolutions\JetNetSolutions\dist\out-tsc\app\mymaster\mymaster.component.spec.js.map
D:\JetNet\JetNetSolutions\JetNetSolutions\dist\out-tsc\app\mymasters\mymasters.component.spec.js
D:\JetNet\JetNetSolutions\JetNetSolutions\dist\out-tsc\app\mymasters\mymasters.component.spec.js.map
D:\JetNet\JetNetSolutions\JetNetSolutions\dist\out-tsc\app\page-not-found\page-not-found.component.spec.js
D:\JetNet\JetNetSolutions\JetNetSolutions\dist\out-tsc\app\page-not-found\page-not-found.component.spec.js.map
D:\JetNet\JetNetSolutions\JetNetSolutions\dist\out-tsc\app\remove-master\remove-master.component.spec.js
D:\JetNet\JetNetSolutions\JetNetSolutions\dist\out-tsc\app\remove-master\remove-master.component.spec.js.map
D:\JetNet\JetNetSolutions\JetNetSolutions\dist\out-tsc\app\remove-my-master\remove-my-master.component.spec.js
D:\JetNet\JetNetSolutions\JetNetSolutions\dist\out-tsc\app\remove-my-master\remove-my-master.component.spec.js.map
